  actions.cpp
  admin.cpp
  allocator.cpp
  baseevents.cpp
  beds.cpp
  chat.cpp
  combat.cpp
  condition.cpp
  configmanager.cpp
  connection.cpp
  container.cpp
  creature.cpp
  creatureevent.cpp
  cylinder.cpp
C:\Users\thiag\Meus Projetos\server-tibia\src\otpch.h(28,10): error C1083: Não é possível abrir arquivo incluir: 'libxml/xmlmemory.h': No such file or directory
  (compilando o arquivo fonte '../creature.cpp')
  
C:\Users\thiag\Meus Projetos\server-tibia\src\otpch.h(28,10): error C1083: Não é possível abrir arquivo incluir: 'libxml/xmlmemory.h': No such file or directory
  (compilando o arquivo fonte '../condition.cpp')
  
C:\Users\thiag\Meus Projetos\server-tibia\src\otpch.h(28,10): error C1083: Não é possível abrir arquivo incluir: 'libxml/xmlmemory.h': No such file or directory
  (compilando o arquivo fonte '../chat.cpp')
  
C:\Users\thiag\Meus Projetos\server-tibia\src\otpch.h(28,10): error C1083: Não é possível abrir arquivo incluir: 'libxml/xmlmemory.h': No such file or directory
  (compilando o arquivo fonte '../container.cpp')
  
C:\Users\thiag\Meus Projetos\server-tibia\src\otpch.h(28,10): error C1083: Não é possível abrir arquivo incluir: 'libxml/xmlmemory.h': No such file or directory
  (compilando o arquivo fonte '../actions.cpp')
  
C:\Users\thiag\Meus Projetos\server-tibia\src\otpch.h(28,10): error C1083: Não é possível abrir arquivo incluir: 'libxml/xmlmemory.h': No such file or directory
  (compilando o arquivo fonte '../combat.cpp')
  
C:\Users\thiag\Meus Projetos\server-tibia\src\otpch.h(28,10): error C1083: Não é possível abrir arquivo incluir: 'libxml/xmlmemory.h': No such file or directory
  (compilando o arquivo fonte '../connection.cpp')
  
C:\Users\thiag\Meus Projetos\server-tibia\src\otpch.h(28,10): error C1083: Não é possível abrir arquivo incluir: 'libxml/xmlmemory.h': No such file or directory
  (compilando o arquivo fonte '../beds.cpp')
  
C:\Users\thiag\Meus Projetos\server-tibia\src\otpch.h(28,10): error C1083: Não é possível abrir arquivo incluir: 'libxml/xmlmemory.h': No such file or directory
  (compilando o arquivo fonte '../configmanager.cpp')
  
C:\Users\thiag\Meus Projetos\server-tibia\src\otpch.h(28,10): error C1083: Não é possível abrir arquivo incluir: 'libxml/xmlmemory.h': No such file or directory
  (compilando o arquivo fonte '../baseevents.cpp')
  
C:\Users\thiag\Meus Projetos\server-tibia\src\otpch.h(28,10): error C1083: Não é possível abrir arquivo incluir: 'libxml/xmlmemory.h': No such file or directory
  (compilando o arquivo fonte '../cylinder.cpp')
  
C:\Users\thiag\Meus Projetos\server-tibia\src\otpch.h(28,10): error C1083: Não é possível abrir arquivo incluir: 'libxml/xmlmemory.h': No such file or directory
  (compilando o arquivo fonte '../creatureevent.cpp')
  
  database.cpp
  databasemanager.cpp
  databasemysql.cpp
  databasesqlite.cpp
  depot.cpp
  dispatcher.cpp
  exception.cpp
  fileloader.cpp
  game.cpp
  gameservers.cpp
  globalevent.cpp
  group.cpp
C:\Users\thiag\Meus Projetos\server-tibia\src\otpch.h(28,10): error C1083: Não é possível abrir arquivo incluir: 'libxml/xmlmemory.h': No such file or directory
  (compilando o arquivo fonte '../dispatcher.cpp')
  
  house.cpp
C:\Users\thiag\Meus Projetos\server-tibia\src\otpch.h(28,10): error C1083: Não é possível abrir arquivo incluir: 'libxml/xmlmemory.h': No such file or directory
  (compilando o arquivo fonte '../depot.cpp')
  
C:\Users\thiag\Meus Projetos\server-tibia\src\otpch.h(28,10): error C1083: Não é possível abrir arquivo incluir: 'libxml/xmlmemory.h': No such file or directory
  (compilando o arquivo fonte '../globalevent.cpp')
  
  housetile.cpp
C:\Users\thiag\Meus Projetos\server-tibia\src\otpch.h(28,10): error C1083: Não é possível abrir arquivo incluir: 'libxml/xmlmemory.h': No such file or directory
  (compilando o arquivo fonte '../game.cpp')
  
  ioban.cpp
  ioguild.cpp
C:\Users\thiag\Meus Projetos\server-tibia\src\otpch.h(28,10): error C1083: Não é possível abrir arquivo incluir: 'libxml/xmlmemory.h': No such file or directory
  (compilando o arquivo fonte '../gameservers.cpp')
  
C:\Users\thiag\Meus Projetos\server-tibia\src\otpch.h(28,10): error C1083: Não é possível abrir arquivo incluir: 'libxml/xmlmemory.h': No such file or directory
  (compilando o arquivo fonte '../fileloader.cpp')
  
  iologindata.cpp
C:\Users\thiag\Meus Projetos\server-tibia\src\otpch.h(28,10): error C1083: Não é possível abrir arquivo incluir: 'libxml/xmlmemory.h': No such file or directory
  (compilando o arquivo fonte '../databasemanager.cpp')
  
C:\Users\thiag\Meus Projetos\server-tibia\src\otpch.h(28,10): error C1083: Não é possível abrir arquivo incluir: 'libxml/xmlmemory.h': No such file or directory
  (compilando o arquivo fonte '../database.cpp')
  
  iomap.cpp
  iomapserialize.cpp
  item.cpp
C:\Users\thiag\Meus Projetos\server-tibia\src\otpch.h(28,10): error C1083: Não é possível abrir arquivo incluir: 'libxml/xmlmemory.h': No such file or directory
  (compilando o arquivo fonte '../exception.cpp')
  
C:\Users\thiag\Meus Projetos\server-tibia\src\otpch.h(28,10): error C1083: Não é possível abrir arquivo incluir: 'libxml/xmlmemory.h': No such file or directory
  (compilando o arquivo fonte '../group.cpp')
  
  itemattributes.cpp
C:\Users\thiag\Meus Projetos\server-tibia\src\otpch.h(28,10): error C1083: Não é possível abrir arquivo incluir: 'libxml/xmlmemory.h': No such file or directory
  (compilando o arquivo fonte '../databasemysql.cpp')
  
  items.cpp
  luascript.cpp
  mailbox.cpp
C:\Users\thiag\Meus Projetos\server-tibia\src\otpch.h(28,10): error C1083: Não é possível abrir arquivo incluir: 'libxml/xmlmemory.h': No such file or directory
  (compilando o arquivo fonte '../ioguild.cpp')
  
C:\Users\thiag\Meus Projetos\server-tibia\src\otpch.h(28,10): error C1083: Não é possível abrir arquivo incluir: 'libxml/xmlmemory.h': No such file or directory
  (compilando o arquivo fonte '../iomapserialize.cpp')
  
  manager.cpp
  map.cpp
C:\Users\thiag\Meus Projetos\server-tibia\src\otpch.h(28,10): error C1083: Não é possível abrir arquivo incluir: 'libxml/xmlmemory.h': No such file or directory
  (compilando o arquivo fonte '../iomap.cpp')
  
C:\Users\thiag\Meus Projetos\server-tibia\src\otpch.h(28,10): error C1083: Não é possível abrir arquivo incluir: 'libxml/xmlmemory.h': No such file or directory
  (compilando o arquivo fonte '../iologindata.cpp')
  
  monster.cpp
C:\Users\thiag\Meus Projetos\server-tibia\src\otpch.h(28,10): error C1083: Não é possível abrir arquivo incluir: 'libxml/xmlmemory.h': No such file or directory
  (compilando o arquivo fonte '../house.cpp')
  
  monsters.cpp
C:\Users\thiag\Meus Projetos\server-tibia\src\otpch.h(28,10): error C1083: Não é possível abrir arquivo incluir: 'libxml/xmlmemory.h': No such file or directory
  (compilando o arquivo fonte '../housetile.cpp')
  
  movement.cpp
  networkmessage.cpp
C:\Users\thiag\Meus Projetos\server-tibia\src\otpch.h(28,10): error C1083: Não é possível abrir arquivo incluir: 'libxml/xmlmemory.h': No such file or directory
  (compilando o arquivo fonte '../itemattributes.cpp')
  
C:\Users\thiag\Meus Projetos\server-tibia\src\otpch.h(28,10): error C1083: Não é possível abrir arquivo incluir: 'libxml/xmlmemory.h': No such file or directory
  (compilando o arquivo fonte '../luascript.cpp')
  
C:\Users\thiag\Meus Projetos\server-tibia\src\otpch.h(28,10): error C1083: Não é possível abrir arquivo incluir: 'libxml/xmlmemory.h': No such file or directory
  (compilando o arquivo fonte '../item.cpp')
  
C:\Users\thiag\Meus Projetos\server-tibia\src\otpch.h(28,10): error C1083: Não é possível abrir arquivo incluir: 'libxml/xmlmemory.h': No such file or directory
  (compilando o arquivo fonte '../items.cpp')
  
C:\Users\thiag\Meus Projetos\server-tibia\src\otpch.h(28,10): error C1083: Não é possível abrir arquivo incluir: 'libxml/xmlmemory.h': No such file or directory
  (compilando o arquivo fonte '../ioban.cpp')
  
C:\Users\thiag\Meus Projetos\server-tibia\src\otpch.h(28,10): error C1083: Não é possível abrir arquivo incluir: 'libxml/xmlmemory.h': No such file or directory
  (compilando o arquivo fonte '../mailbox.cpp')
  
  npc.cpp
  otserv.cpp
  outfit.cpp
  outputmessage.cpp
C:\Users\thiag\Meus Projetos\server-tibia\src\otpch.h(28,10): error C1083: Não é possível abrir arquivo incluir: 'libxml/xmlmemory.h': No such file or directory
  (compilando o arquivo fonte '../monsters.cpp')
  
  party.cpp
C:\Users\thiag\Meus Projetos\server-tibia\src\otpch.h(28,10): error C1083: Não é possível abrir arquivo incluir: 'libxml/xmlmemory.h': No such file or directory
  (compilando o arquivo fonte '../networkmessage.cpp')
  
  player.cpp
  position.cpp
C:\Users\thiag\Meus Projetos\server-tibia\src\otpch.h(28,10): error C1083: Não é possível abrir arquivo incluir: 'libxml/xmlmemory.h': No such file or directory
  (compilando o arquivo fonte '../monster.cpp')
  
C:\Users\thiag\Meus Projetos\server-tibia\src\otpch.h(28,10): error C1083: Não é possível abrir arquivo incluir: 'libxml/xmlmemory.h': No such file or directory
  (compilando o arquivo fonte '../movement.cpp')
  
  protocol.cpp
  protocolgame.cpp
C:\Users\thiag\Meus Projetos\server-tibia\src\otpch.h(28,10): error C1083: Não é possível abrir arquivo incluir: 'libxml/xmlmemory.h': No such file or directory
  (compilando o arquivo fonte '../map.cpp')
  
  protocolhttp.cpp
  protocollogin.cpp
C:\Users\thiag\Meus Projetos\server-tibia\src\otpch.h(28,10): error C1083: Não é possível abrir arquivo incluir: 'libxml/xmlmemory.h': No such file or directory
  (compilando o arquivo fonte '../manager.cpp')
  
C:\Users\thiag\Meus Projetos\server-tibia\src\otpch.h(28,10): error C1083: Não é possível abrir arquivo incluir: 'libxml/xmlmemory.h': No such file or directory
  (compilando o arquivo fonte '../otserv.cpp')
  
C:\Users\thiag\Meus Projetos\server-tibia\src\otpch.h(28,10): error C1083: Não é possível abrir arquivo incluir: 'libxml/xmlmemory.h': No such file or directory
  (compilando o arquivo fonte '../party.cpp')
  
C:\Users\thiag\Meus Projetos\server-tibia\src\otpch.h(28,10): error C1083: Não é possível abrir arquivo incluir: 'libxml/xmlmemory.h': No such file or directory
  (compilando o arquivo fonte '../npc.cpp')
  
  protocolold.cpp
  quests.cpp
  raids.cpp
  rsa.cpp
C:\Users\thiag\Meus Projetos\server-tibia\src\otpch.h(28,10): error C1083: Não é possível abrir arquivo incluir: 'libxml/xmlmemory.h': No such file or directory
  (compilando o arquivo fonte '../position.cpp')
  
C:\Users\thiag\Meus Projetos\server-tibia\src\otpch.h(28,10): error C1083: Não é possível abrir arquivo incluir: 'libxml/xmlmemory.h': No such file or directory
  (compilando o arquivo fonte '../outfit.cpp')
  
C:\Users\thiag\Meus Projetos\server-tibia\src\otpch.h(28,10): error C1083: Não é possível abrir arquivo incluir: 'libxml/xmlmemory.h': No such file or directory
  (compilando o arquivo fonte '../player.cpp')
  
C:\Users\thiag\Meus Projetos\server-tibia\src\otpch.h(28,10): error C1083: Não é possível abrir arquivo incluir: 'libxml/xmlmemory.h': No such file or directory
  (compilando o arquivo fonte '../outputmessage.cpp')
  
C:\Users\thiag\Meus Projetos\server-tibia\src\otpch.h(28,10): error C1083: Não é possível abrir arquivo incluir: 'libxml/xmlmemory.h': No such file or directory
  (compilando o arquivo fonte '../protocol.cpp')
  
  scheduler.cpp
  scriptmanager.cpp
  server.cpp
  spawn.cpp
C:\Users\thiag\Meus Projetos\server-tibia\src\otpch.h(28,10): error C1083: Não é possível abrir arquivo incluir: 'libxml/xmlmemory.h': No such file or directory
  (compilando o arquivo fonte '../protocolgame.cpp')
  
C:\Users\thiag\Meus Projetos\server-tibia\src\otpch.h(28,10): error C1083: Não é possível abrir arquivo incluir: 'libxml/xmlmemory.h': No such file or directory
  (compilando o arquivo fonte '../protocollogin.cpp')
  
  spells.cpp
C:\Users\thiag\Meus Projetos\server-tibia\src\otpch.h(28,10): error C1083: Não é possível abrir arquivo incluir: 'libxml/xmlmemory.h': No such file or directory
  (compilando o arquivo fonte '../protocolold.cpp')
  
C:\Users\thiag\Meus Projetos\server-tibia\src\otpch.h(28,10): error C1083: Não é possível abrir arquivo incluir: 'libxml/xmlmemory.h': No such file or directory
  (compilando o arquivo fonte '../protocolhttp.cpp')
  
C:\Users\thiag\Meus Projetos\server-tibia\src\otpch.h(28,10): error C1083: Não é possível abrir arquivo incluir: 'libxml/xmlmemory.h': No such file or directory
  (compilando o arquivo fonte '../scheduler.cpp')
  
  status.cpp
C:\Users\thiag\Meus Projetos\server-tibia\src\otpch.h(28,10): error C1083: Não é possível abrir arquivo incluir: 'libxml/xmlmemory.h': No such file or directory
  (compilando o arquivo fonte '../scriptmanager.cpp')
  
  talkaction.cpp
  teleport.cpp
  textlogger.cpp
C:\Users\thiag\Meus Projetos\server-tibia\src\otpch.h(28,10): error C1083: Não é possível abrir arquivo incluir: 'libxml/xmlmemory.h': No such file or directory
  (compilando o arquivo fonte '../rsa.cpp')
  
C:\Users\thiag\Meus Projetos\server-tibia\src\otpch.h(28,10): error C1083: Não é possível abrir arquivo incluir: 'libxml/xmlmemory.h': No such file or directory
  (compilando o arquivo fonte '../quests.cpp')
  
  thing.cpp
C:\Users\thiag\Meus Projetos\server-tibia\src\otpch.h(28,10): error C1083: Não é possível abrir arquivo incluir: 'libxml/xmlmemory.h': No such file or directory
  (compilando o arquivo fonte '../server.cpp')
  
C:\Users\thiag\Meus Projetos\server-tibia\src\otpch.h(28,10): error C1083: Não é possível abrir arquivo incluir: 'libxml/xmlmemory.h': No such file or directory
  (compilando o arquivo fonte '../spells.cpp')
  
C:\Users\thiag\Meus Projetos\server-tibia\src\otpch.h(28,10): error C1083: Não é possível abrir arquivo incluir: 'libxml/xmlmemory.h': No such file or directory
  (compilando o arquivo fonte '../spawn.cpp')
  
  tile.cpp
  tools.cpp
  trashholder.cpp
  vocation.cpp
C:\Users\thiag\Meus Projetos\server-tibia\src\otpch.h(28,10): error C1083: Não é possível abrir arquivo incluir: 'libxml/xmlmemory.h': No such file or directory
  (compilando o arquivo fonte '../raids.cpp')
  
C:\Users\thiag\Meus Projetos\server-tibia\src\otpch.h(28,10): error C1083: Não é possível abrir arquivo incluir: 'libxml/xmlmemory.h': No such file or directory
  (compilando o arquivo fonte '../status.cpp')
  
C:\Users\thiag\Meus Projetos\server-tibia\src\otpch.h(28,10): error C1083: Não é possível abrir arquivo incluir: 'libxml/xmlmemory.h': No such file or directory
  (compilando o arquivo fonte '../thing.cpp')
  
C:\Users\thiag\Meus Projetos\server-tibia\src\otpch.h(28,10): error C1083: Não é possível abrir arquivo incluir: 'libxml/xmlmemory.h': No such file or directory
  (compilando o arquivo fonte '../talkaction.cpp')
  
C:\Users\thiag\Meus Projetos\server-tibia\src\otpch.h(28,10): error C1083: Não é possível abrir arquivo incluir: 'libxml/xmlmemory.h': No such file or directory
  (compilando o arquivo fonte '../vocation.cpp')
  
  waitlist.cpp
  weapons.cpp
C:\Users\thiag\Meus Projetos\server-tibia\src\otpch.h(28,10): error C1083: Não é possível abrir arquivo incluir: 'libxml/xmlmemory.h': No such file or directory
  (compilando o arquivo fonte '../textlogger.cpp')
  
C:\Users\thiag\Meus Projetos\server-tibia\src\otpch.h(28,10): error C1083: Não é possível abrir arquivo incluir: 'libxml/xmlmemory.h': No such file or directory
  (compilando o arquivo fonte '../tile.cpp')
  
C:\Users\thiag\Meus Projetos\server-tibia\src\otpch.h(28,10): error C1083: Não é possível abrir arquivo incluir: 'libxml/xmlmemory.h': No such file or directory
  (compilando o arquivo fonte '../trashholder.cpp')
  
C:\Users\thiag\Meus Projetos\server-tibia\src\otpch.h(28,10): error C1083: Não é possível abrir arquivo incluir: 'libxml/xmlmemory.h': No such file or directory
  (compilando o arquivo fonte '../waitlist.cpp')
  
C:\Users\thiag\Meus Projetos\server-tibia\src\otpch.h(28,10): error C1083: Não é possível abrir arquivo incluir: 'libxml/xmlmemory.h': No such file or directory
  (compilando o arquivo fonte '../teleport.cpp')
  
C:\Users\thiag\Meus Projetos\server-tibia\src\otpch.h(28,10): error C1083: Não é possível abrir arquivo incluir: 'libxml/xmlmemory.h': No such file or directory
  (compilando o arquivo fonte '../tools.cpp')
  
C:\Users\thiag\Meus Projetos\server-tibia\src\otpch.h(28,10): error C1083: Não é possível abrir arquivo incluir: 'libxml/xmlmemory.h': No such file or directory
  (compilando o arquivo fonte '../weapons.cpp')
  
