[11/3/2024 11:3:36] /m Crustacea Gigantica
[11/3/2024 11:3:40] /s demon
[11/3/2024 11:5:25] /i 12344
[11/3/2024 11:5:48] /i dust
[11/3/2024 11:6:43] /reload monsters
[11/3/2024 11:7:5] /m Crustacea Gigantica
[11/3/2024 11:7:23] /m demon
[11/3/2024 11:7:54] /reload monsters
[11/3/2024 11:12:9] /reload monsters
[11/3/2024 11:21:21] /m crustacia gigantica
[11/3/2024 11:21:30] /m crustacea gigantica
[11/3/2024 11:32:0] /reload monsters
[11/3/2024 11:37:16] /reload spells
[11/3/2024 11:43:47] /reload spells
[11/3/2024 11:44:15] /reload spells
[7/4/2025 22:13:32] /m lion
[7/4/2025 22:13:38] /s lion
[7/4/2025 22:13:53] /s demon
[7/4/2025 22:22:40] /m valak
[7/4/2025 22:22:49] /m demon
[23/4/2025 0:52:25] /s demon
[23/4/2025 0:53:25] /m valak
[23/4/2025 0:53:29] /m valak
[23/4/2025 0:53:37] /m golem
[23/4/2025 0:54:12] tecnicas
[23/4/2025 16:1:16] /s demon
[23/4/2025 16:2:29] tecnicas
[23/4/2025 16:3:56] /reload spells
[23/4/2025 16:4:27] /reload spells
[23/4/2025 16:5:50] /reload spells
[23/4/2025 16:6:8] tecnicas
[23/4/2025 16:8:24] /s rat
[23/4/2025 16:8:44] /s boar
[23/4/2025 16:9:34] /a 5
[23/4/2025 16:9:35] /a 5
[23/4/2025 16:9:41] /a 15
[23/4/2025 16:10:2] /s demon
[25/4/2025 22:29:45] /t
[25/4/2025 22:30:14] /t soad
[25/4/2025 22:30:23] /ghost
[25/4/2025 22:30:25] /ghost
[25/4/2025 22:32:31] /attr vocation 1
[25/4/2025 22:33:15] /level
[25/4/2025 22:33:20] /level Soad
[25/4/2025 22:33:24] /level Soad, 100000
[25/4/2025 22:34:9] /newtype 550
[25/4/2025 22:35:41] /newtype 634
[25/4/2025 22:36:34] /attr vocation 2
[25/4/2025 22:38:30] /attr vocation 3
[25/4/2025 22:39:16] /attr vocation 4
[25/4/2025 22:40:7] /attr vocation 5
[25/4/2025 22:42:22] /reload talk
[25/4/2025 22:43:36] /m demon
[25/4/2025 22:43:51] /r
[25/4/2025 22:44:1] /attr vocation 6
[25/4/2025 22:44:8] /attr vocation 6
[25/4/2025 23:45:25] /reload talk
[25/4/2025 23:45:29] /attr vocation 6
[25/4/2025 23:46:19] /attr vocation 7
[25/4/2025 23:47:46] /reload talk
[25/4/2025 23:48:5] /attr vocation 8
[25/4/2025 23:49:46] /attr vocation 9
[25/4/2025 23:50:39] /attr vocation 10
[25/4/2025 23:51:16] /attr vocation 11
[25/4/2025 23:51:45] /attr vocation 12
[25/4/2025 23:52:26] /attr vocation 13
[25/4/2025 23:52:46] /attr vocation 14
[25/4/2025 23:55:26] /newtype 2172
[25/4/2025 23:55:53] /newtype 2644
[25/4/2025 23:56:48] /attr vocation 15
[25/4/2025 23:57:25] /attr vocation 16
[25/4/2025 23:58:30] /attr vocation 17
[25/4/2025 23:59:36] /attr vocation 18
[26/4/2025 0:0:14] /attr vocation 19
[26/4/2025 0:1:2] /attr vocation 20
[26/4/2025 0:1:38] /attr vocation 21
[26/4/2025 0:2:16] /attr vocation 22
[26/4/2025 0:3:3] /attr vocation 34
[26/4/2025 0:4:7] /attr vocation 40
[26/4/2025 0:4:55] /attr vocation 47
[26/4/2025 0:5:48] /reload talk
[26/4/2025 0:6:37] /attr vocation 48
[26/4/2025 0:7:30] /reload talk
[26/4/2025 0:8:6] /reload talk
[26/4/2025 0:10:35] /reload talk
[26/4/2025 0:10:57] /reload talk
[26/4/2025 0:11:42] /reload talk
[26/4/2025 0:12:5] /reload talk
[26/4/2025 0:12:15] /reload talk
[26/4/2025 0:14:31] /reload talk
[26/4/2025 0:15:7] /reload talk
[26/4/2025 0:15:33] /attr vocation 49
[26/4/2025 0:15:58] /attr vocation 50
[26/4/2025 0:16:17] /attr vocation 51
[26/4/2025 0:16:57] /attr vocation 52
[26/4/2025 0:17:24] /attr vocation 53
[26/4/2025 0:18:29] /attr vocation 54
[26/4/2025 0:18:54] /attr vocation 55
[26/4/2025 0:19:36] /attr vocation 56
[26/4/2025 0:20:15] /attr vocation 56
[26/4/2025 0:20:17] /attr vocation 57
[26/4/2025 0:20:36] /attr vocation 58
[26/4/2025 0:21:6] /attr vocation 59
[26/4/2025 0:21:36] /attr vocation 60
[26/4/2025 0:23:5] /reload talk
[26/4/2025 0:23:47] /attr vocation 61
[26/4/2025 0:24:20] /attr vocation 62
[26/4/2025 0:25:29] /reload talk
[26/4/2025 0:27:43] /attr vocation 63
[26/4/2025 0:28:4] /attr vocation 64
[26/4/2025 0:29:10] /attr vocation 65
[26/4/2025 0:29:34] /attr vocation 66
[26/4/2025 0:33:6] /attr vocation 67
[26/4/2025 0:33:40] /attr vocation 68
[26/4/2025 0:33:54] /attr vocation 69
[26/4/2025 0:34:8] /attr vocation 57
[26/4/2025 0:34:26] /attr vocation 33
[26/4/2025 0:36:11] /reload talk
[26/4/2025 0:48:33] /reload talk
[26/4/2025 0:50:44] /newtype 2450
[26/4/2025 0:51:34] /newtype 2730
[26/4/2025 0:56:25] /reload talk
[26/4/2025 0:58:47] /reload talk
[26/4/2025 1:7:48] /t soad
[26/4/2025 1:9:24] !balance
[26/4/2025 1:18:10] /r
[26/4/2025 1:18:14] /reload talk
[26/4/2025 1:18:23] /reload global
[26/4/2025 1:18:29] /reload globalevents
[26/4/2025 1:19:23] /reload globalevents
[26/4/2025 1:19:47] /reload globalevents
[26/4/2025 1:20:2] /reload globalevents
[26/4/2025 1:22:32] /reload creaturescripts
[26/4/2025 1:22:45] /reload creaturescripts
[26/4/2025 1:34:13] /newtype 2430
[26/4/2025 1:34:19] /newtype 2540
[26/4/2025 1:34:23] /newtype 2330
[26/4/2025 1:34:28] /newtype 2500
[26/4/2025 1:35:3] /newtype 2782
[26/4/2025 1:36:33] /reload talk
[26/4/2025 1:36:39] /reload creaturescripts
[26/4/2025 1:37:51] /reload creaturescripts
[26/4/2025 1:38:9] /level
[26/4/2025 1:39:0] /level [ADM] Supreme 500
[26/4/2025 1:40:8] /level soad 100
[26/4/2025 1:40:11] /level soad, 100
[26/4/2025 1:40:32] /level soad, 100
[26/4/2025 1:40:34] /level soad, 100
[26/4/2025 1:40:37] /level soad, 150
[26/4/2025 1:40:50] /level soad, 500
[26/4/2025 1:43:28] /reload talk
[26/4/2025 1:44:29] /level soad, 500
[26/4/2025 1:45:12] /reload config
[26/4/2025 1:53:15] /level soad, 500
[26/4/2025 1:53:43] /reload config
[26/4/2025 1:56:13] /level soad, 500
[26/4/2025 1:56:59] /level soad, 500
[26/4/2025 1:58:21] /level soad, 500
[26/4/2025 2:0:37] /reload talk
[26/4/2025 2:2:13] /level soad, 500
[26/4/2025 2:4:53] /reload talk
[26/4/2025 2:5:38] /reload talk
[26/4/2025 2:6:35] /reload talk
[26/4/2025 2:6:43] /reload talk
[26/4/2025 2:9:15] /reload talk
[26/4/2025 2:9:58] /level soad, 500
[26/4/2025 2:10:24] /reload talk
[26/4/2025 2:13:50] /reload globalevents
[26/4/2025 2:14:2] /level soad, 500
[26/4/2025 2:15:36] /level soad, 500
[26/4/2025 2:16:25] /level soad, 500
[26/4/2025 2:16:27] /reload globalevents
[26/4/2025 2:17:17] /reload globalevents
[26/4/2025 2:18:20] /reload globalevents
[26/4/2025 2:19:36] /reload globalevents
[26/4/2025 2:19:48] /reload globalevents
[26/4/2025 2:35:43] /reload talk
[26/4/2025 16:6:5] /newtype 2780
[26/4/2025 16:9:23] /reload globalevents
[26/4/2025 16:16:8] /reload spells
[26/4/2025 16:16:16] /m trainer
[26/4/2025 16:16:27] /m demon
[26/4/2025 16:22:19] /reload spells
[26/4/2025 16:23:11] tecnicas
[26/4/2025 16:23:43] /reload spells
[26/4/2025 16:23:45] tecnicas
[26/4/2025 16:24:56] /r
[26/4/2025 16:24:59] /m Training Monk
[26/4/2025 16:25:49] /reload monsters
[26/4/2025 16:25:54] /m Training Monk
[26/4/2025 16:26:29] /reload spells
[26/4/2025 16:26:30] /reload monsters
[26/4/2025 16:26:36] /s demon
[26/4/2025 16:26:46] /reload monsters
[26/4/2025 17:14:54] /reload talk
[26/4/2025 17:16:22] /reload talk
[26/4/2025 17:54:24] /reload talk
[26/4/2025 17:57:5] /reload monsters
[26/4/2025 17:57:6] /reload spells
[26/4/2025 17:57:55] /reload globalevents
[26/4/2025 17:57:59] /reload globalevents
[26/4/2025 17:58:52] /reload talk
[26/4/2025 18:0:18] /level Soad, 1
[26/4/2025 18:0:43] /level Soad, 50
[26/4/2025 18:6:8] /reload talk
[26/4/2025 18:7:18] /reload talk
[26/4/2025 21:43:46] /newtype 2780
[26/4/2025 21:43:49] /newtype 2781
[26/4/2025 21:43:51] /newtype 2782
[26/4/2025 21:48:42] /newtype 1980
[26/4/2025 21:48:45] /newtype 1981
[26/4/2025 21:48:48] /newtype 1982
[26/4/2025 21:48:52] /newtype 1983
[26/4/2025 21:48:54] /newtype 1984
[26/4/2025 21:48:58] /newtype 2000
[26/4/2025 21:49:2] /newtype 554
[26/4/2025 21:49:6] /newtype 555
[26/4/2025 21:49:9] /newtype 553
[26/4/2025 21:50:11] /m training mok
[26/4/2025 21:50:27] /m Training Monk
[26/4/2025 21:50:50] /m demon
[26/4/2025 21:50:53] /m demon
[26/4/2025 21:50:55] /m demon
[26/4/2025 21:51:56] /reload spells
[26/4/2025 21:53:38] /reload spells
[26/4/2025 21:59:26] /reload spells
[26/4/2025 22:0:11] /reload spells
[26/4/2025 22:0:37] /reload spells
[26/4/2025 22:3:50] /reload spells
[26/4/2025 22:6:41] /reload spells
[26/4/2025 22:13:40] /reload spells
[26/4/2025 22:14:18] /level supreme, 100
[26/4/2025 22:14:41] /newtype 2
[26/4/2025 22:14:43] /newtype 3
[26/4/2025 22:14:47] /newtype 4
[26/4/2025 22:14:48] /newtype 5
[26/4/2025 22:14:50] /newtype 10
[26/4/2025 22:14:54] /newtype 12
[26/4/2025 22:15:2] /newtype 14
[26/4/2025 22:15:8] /newtype 15
[26/4/2025 22:15:12] /newtype 13
[26/4/2025 22:15:26] /newtype 3
[26/4/2025 22:15:32] /newtype 20
[26/4/2025 22:15:35] /newtype 21
[26/4/2025 22:15:41] /newtype 21
[26/4/2025 22:15:42] /newtype 22
[26/4/2025 22:15:48] /newtype 23
[26/4/2025 22:15:52] /newtype 24
[26/4/2025 22:15:53] /newtype 25
[26/4/2025 22:15:55] /newtype 26
[26/4/2025 22:15:58] /newtype 27
[26/4/2025 22:16:3] /newtype 29
[26/4/2025 22:16:5] /newtype 30
[26/4/2025 22:16:9] /newtype 31
[26/4/2025 22:16:16] /newtype 32
[26/4/2025 22:16:25] /newtype 33
[26/4/2025 22:16:27] /newtype 34
[26/4/2025 22:16:31] /newtype 35
[26/4/2025 22:16:35] /newtype 34
[26/4/2025 22:16:48] /newtype 37
[26/4/2025 22:16:52] /newtype 38
[26/4/2025 22:16:55] /newtype 39
[26/4/2025 22:16:59] /newtype 40
[26/4/2025 22:17:1] /newtype 41
[26/4/2025 22:17:3] /newtype 42
[26/4/2025 22:17:7] /newtype 43
[26/4/2025 22:17:10] /newtype 44
[26/4/2025 22:17:14] /newtype 45
[26/4/2025 22:17:17] /newtype 50
[26/4/2025 22:17:20] /newtype 51
[26/4/2025 22:17:22] /newtype 52
[26/4/2025 22:17:23] /newtype 53
[26/4/2025 22:17:26] /newtype 54
[26/4/2025 22:17:28] /newtype 55
[26/4/2025 22:17:30] /newtype 56
[26/4/2025 22:17:45] /newtype 2782
[26/4/2025 22:17:47] /save
[26/4/2025 22:29:38] /level Soad, 500
[26/4/2025 22:30:22] /attr vocation 47
[26/4/2025 22:31:12] /reload talk
[26/4/2025 22:35:1] /reload talk
[26/4/2025 22:35:3] /reload spells
[26/4/2025 22:35:4] /reload spells
[26/4/2025 22:35:23] /reload spells
[26/4/2025 22:35:23] /reload talk
[26/4/2025 22:36:10] /reload spells
[26/4/2025 22:36:36] /reload spells
[26/4/2025 22:37:31] /reload spells
[26/4/2025 22:38:55] /reload spells
[26/4/2025 22:39:15] /reload spells
[26/4/2025 22:39:26] /reload spells
[26/4/2025 22:39:31] /reload spells
[26/4/2025 22:40:4] /reload spells
[26/4/2025 22:40:23] /reload spells
[26/4/2025 22:40:43] /reload spells
[26/4/2025 22:41:35] /reload spells
[26/4/2025 22:41:35] /reload talk
[26/4/2025 22:41:36] /reload talk
[26/4/2025 22:41:36] /reload talk
[26/4/2025 22:41:36] /reload talk
[26/4/2025 22:41:36] /reload talk
[26/4/2025 22:41:59] /reload spells
[26/4/2025 22:42:13] /reload spells
[26/4/2025 22:42:33] /reload spells
[26/4/2025 22:44:31] /reload spells
[26/4/2025 22:44:49] /reload spells
[26/4/2025 22:46:3] /reload spells
[26/4/2025 22:47:11] /reload spells
[26/4/2025 22:50:11] /reload spells
[26/4/2025 22:50:55] /reload spells
[26/4/2025 22:51:16] /reload spells
[26/4/2025 22:53:17] /reload spells
[26/4/2025 22:53:31] /reload spells
[26/4/2025 22:54:51] /reload spells
[26/4/2025 22:55:1] /reload spells
[26/4/2025 22:55:32] /reload spells
[26/4/2025 22:58:19] /reload spells
[26/4/2025 22:58:42] /reload spells
[26/4/2025 22:58:51] /reload spells
[26/4/2025 22:59:31] /reload spells
[26/4/2025 23:1:35] /reload spells
[26/4/2025 23:1:52] /reload spells
[26/4/2025 23:2:32] /reload spells
[26/4/2025 23:4:19] /reload spells
[26/4/2025 23:5:54] /reload spells
[26/4/2025 23:6:4] /reload spells
[26/4/2025 23:6:10] /reload spells
[26/4/2025 23:6:25] /reload spells
[26/4/2025 23:7:9] /reload spells
[26/4/2025 23:7:21] /reload spells
[26/4/2025 23:8:20] /reload spells
[26/4/2025 23:8:34] /reload spells
[26/4/2025 23:8:59] /reload spells
[26/4/2025 23:9:16] /reload spells
[26/4/2025 23:9:25] /reload spells
[26/4/2025 23:10:45] /reload spells
[26/4/2025 23:11:16] /reload spells
[26/4/2025 23:11:47] /reload spells
[26/4/2025 23:13:4] /reload spells
[26/4/2025 23:13:49] /reload spells
[26/4/2025 23:13:59] /reload spells
[26/4/2025 23:14:9] /reload spells
[26/4/2025 23:14:18] /reload spells
[26/4/2025 23:14:23] /reload spells
[26/4/2025 23:15:31] /save
[27/4/2025 13:36:19] /m training monk
[27/4/2025 13:40:21] /reload spells
[27/4/2025 13:40:37] /reload spells
[27/4/2025 13:40:46] /reload spells
[27/4/2025 13:41:19] /reload spells
[27/4/2025 13:43:22] /reload spells
[27/4/2025 13:43:50] /reload spells
[27/4/2025 13:46:1] /reload spells
[27/4/2025 13:46:18] /reload spells
[27/4/2025 13:48:4] /reload spells
[27/4/2025 13:50:19] /reload spells
[27/4/2025 13:50:19] /reload spells
[27/4/2025 13:52:3] /reload spells
[27/4/2025 13:52:51] /reload spells
[27/4/2025 13:52:58] /reload spells
[27/4/2025 13:54:28] /reload spells
[27/4/2025 13:55:15] /reload spells
[27/4/2025 13:55:23] /reload spells
[27/4/2025 13:57:50] /reload spells
[27/4/2025 13:59:39] /reload spells
[27/4/2025 14:0:37] /reload spells
[27/4/2025 14:1:1] /reload spells
[27/4/2025 14:3:3] /reload spells
[27/4/2025 14:3:16] /reload spells
[27/4/2025 14:4:13] /reload spells
[27/4/2025 14:4:21] /reload spells
[27/4/2025 14:6:12] /reload spells
[27/4/2025 14:6:54] /reload spells
[27/4/2025 14:7:15] /reload spells
[27/4/2025 14:7:38] /reload spells
[27/4/2025 14:8:4] /reload spells
[27/4/2025 14:8:20] /reload spells
[27/4/2025 14:10:6] /reload spells
[27/4/2025 14:11:0] /reload spells
[27/4/2025 14:11:30] /reload spells
[27/4/2025 14:11:30] /reload spells
[27/4/2025 14:11:30] /reload spells
[27/4/2025 14:11:31] /reload spells
[27/4/2025 14:11:31] /reload spells
[27/4/2025 14:11:31] /reload spells
[27/4/2025 14:12:45] /reload spells
[27/4/2025 14:13:0] /reload spells
[27/4/2025 14:13:12] /newtype 2782
[27/4/2025 14:13:49] /reload spells
[27/4/2025 14:14:32] /reload spells
[27/4/2025 14:14:34] /reload spells
[27/4/2025 14:18:9] /reload spells
[27/4/2025 14:18:44] /reload spells
[27/4/2025 14:21:30] /reload spells
[27/4/2025 14:22:11] /reload spells
[27/4/2025 14:22:21] /reload spells
[27/4/2025 14:23:49] /reload spells
[27/4/2025 14:23:57] /reload spells
[27/4/2025 14:24:20] /reload spells
[27/4/2025 14:27:10] /reload spells
[27/4/2025 14:27:20] /reload spells
[27/4/2025 14:27:49] /reload spells
[27/4/2025 14:28:1] /reload spells
[27/4/2025 14:28:46] /reload spells
[27/4/2025 14:28:52] /reload spells
[27/4/2025 14:29:4] /reload spells
[27/4/2025 14:30:25] /reload spells
[27/4/2025 14:30:38] /newtype 2782
[27/4/2025 14:32:40] /reload spells
[27/4/2025 14:33:51] /reload spells
[27/4/2025 14:34:47] /reload config
[27/4/2025 14:36:58] /reload config
[27/4/2025 14:38:8] /reload config
[27/4/2025 14:38:12] /reload xml
[27/4/2025 14:38:18] /reload outfits
[27/4/2025 14:43:15] /reload config
