[27/4/2025 14:54:59] /newtype 2782
[27/4/2025 14:55:1] /save
[27/4/2025 14:55:13] /m training mok
[27/4/2025 14:55:14] /m training monk
[27/4/2025 14:56:24] /reload spells
[27/4/2025 14:56:49] /reload spells
[27/4/2025 14:56:58] /reload spells
[27/4/2025 14:57:7] /reload spells
[27/4/2025 14:58:35] /reload spells
[27/4/2025 15:1:21] /reload spells
[27/4/2025 15:1:36] /newtype 2782
[27/4/2025 15:4:39] /reload spells
[27/4/2025 15:5:17] /reload spells
[27/4/2025 15:6:51] /reload spells
[27/4/2025 15:7:45] /reload spells
[27/4/2025 15:8:33] /reload spells
[27/4/2025 15:8:45] /reload spells
[27/4/2025 15:10:2] /reload spells
[27/4/2025 15:11:48] /reload spells
[27/4/2025 15:11:59] /reload spells
[27/4/2025 15:13:17] /reload spells
[27/4/2025 15:13:28] /reload spells
[27/4/2025 15:16:37] /reload spells
[27/4/2025 15:16:50] /reload spells
[27/4/2025 15:17:13] /reload spells
[27/4/2025 15:21:11] /reload spells
[27/4/2025 15:21:17] /reload spells
[27/4/2025 15:21:20] /reload spells
[27/4/2025 15:27:9] /reload spells
[27/4/2025 15:29:54] /reload spells
[27/4/2025 15:32:27] /reload spells
[27/4/2025 15:32:43] /reload spells
[27/4/2025 15:34:2] /reload spells
[27/4/2025 15:34:8] /reload spells
[27/4/2025 15:34:15] /reload spells
[27/4/2025 15:34:38] /reload spells
[27/4/2025 15:36:6] /reload spells
[27/4/2025 15:36:39] /reload spells
[27/4/2025 15:39:1] /reload spells
[27/4/2025 15:47:35] /reload spells
[27/4/2025 15:50:0] /reload spells
[27/4/2025 15:54:16] /reload spells
[27/4/2025 15:56:22] /reload spells
[27/4/2025 15:58:33] /reload spells
[27/4/2025 15:58:49] /reload spells
[27/4/2025 15:58:59] /reload spells
[27/4/2025 15:59:10] /reload spells
[27/4/2025 15:59:24] /reload spells
[27/4/2025 15:59:34] /reload spells
[27/4/2025 15:59:44] /reload spells
[27/4/2025 16:0:0] /reload spells
[27/4/2025 16:0:9] /reload spells
[27/4/2025 16:1:22] /reload spells
[27/4/2025 16:1:45] /reload spells
[27/4/2025 16:2:2] /reload spells
[27/4/2025 16:3:40] /reload spells
[27/4/2025 16:5:8] /reload spells
[27/4/2025 16:5:49] /reload spells
[27/4/2025 16:5:58] /reload spells
[27/4/2025 16:6:29] /reload spells
[27/4/2025 16:8:49] /reload spells
[27/4/2025 16:9:31] /reload spells
[27/4/2025 16:12:54] /reload spells
[27/4/2025 16:13:32] /reload spells
[27/4/2025 16:13:46] /reload spells
[27/4/2025 16:13:58] /reload spells
[27/4/2025 16:14:25] /reload spells
[27/4/2025 16:16:16] /reload spells
[27/4/2025 16:17:28] /reload spells
[27/4/2025 16:19:1] /reload spells
[27/4/2025 16:19:13] /s demon
[27/4/2025 16:19:17] /s demon
[27/4/2025 16:19:21] /reload talk
[27/4/2025 16:19:39] /s demon
[27/4/2025 16:19:40] /s demon
[27/4/2025 16:19:42] /s demon
[27/4/2025 16:19:43] /s demon
[27/4/2025 16:19:45] /s demon
[27/4/2025 16:23:1] /reload spells
[27/4/2025 16:23:21] /reload spells
[27/4/2025 16:25:37] /reload spells
[27/4/2025 16:25:45] /reload spells
[27/4/2025 16:27:59] /reload spells
[27/4/2025 16:28:57] /reload spells
[27/4/2025 16:30:10] /reload spells
[27/4/2025 16:37:14] /reload spells
[27/4/2025 16:37:39] /reload spells
[27/4/2025 16:38:2] /reload spells
[27/4/2025 16:38:10] /reload spells
[27/4/2025 16:38:24] /reload spells
[27/4/2025 17:43:6] /reload spells
[27/4/2025 17:43:24] /reload spells
[27/4/2025 17:43:44] /reload spells
[27/4/2025 17:44:39] /reload spells
[27/4/2025 17:45:10] /reload spells
[27/4/2025 17:45:24] /reload spells
[27/4/2025 17:45:38] /reload spells
[27/4/2025 17:47:59] /reload spells
[27/4/2025 17:49:1] /reload spells
[27/4/2025 17:51:31] /reload spells
[27/4/2025 17:52:42] /reload spells
[27/4/2025 17:54:35] /reload spells
[27/4/2025 17:55:48] /reload spells
[27/4/2025 17:56:58] /reload spells
[27/4/2025 17:57:50] /reload spells
[27/4/2025 17:59:30] /reload spells
[27/4/2025 18:0:14] /reload spells
[27/4/2025 18:1:1] /reload spells
[27/4/2025 18:1:10] /reload spells
[27/4/2025 18:1:53] /reload spells
[27/4/2025 18:2:10] /reload spells
[27/4/2025 18:3:14] /reload spells
[27/4/2025 18:4:9] /reload spells
[27/4/2025 18:4:10] /reload talk
[27/4/2025 18:4:35] /m training monk
[27/4/2025 18:4:37] /m training monk
[27/4/2025 18:4:38] /m training monk
[27/4/2025 18:4:57] /m training monk
[27/4/2025 18:4:58] /m training monk
[27/4/2025 18:5:0] /m training monk
[27/4/2025 18:5:1] /m training monk
[27/4/2025 18:5:2] /m training monk
[27/4/2025 18:5:5] /reload talk
[27/4/2025 18:8:3] /reload spells
[27/4/2025 18:8:39] /reload spells
[27/4/2025 18:9:0] /reload spells
[27/4/2025 18:9:13] /reload spells
[27/4/2025 18:9:21] /reload spells
[27/4/2025 18:12:51] /reload spells
[27/4/2025 18:13:0] /reload spells
[27/4/2025 18:13:9] /reload spells
[27/4/2025 18:21:58] /reload spells
[27/4/2025 18:23:2] /reload spells
[27/4/2025 18:23:33] /reload spells
[27/4/2025 18:24:5] /reload spells
[27/4/2025 18:28:9] /reload spells
[27/4/2025 18:28:19] /reload spells
[27/4/2025 18:28:25] /reload spells
[27/4/2025 18:28:33] /reload spells
[27/4/2025 18:28:39] /reload spells
[27/4/2025 18:29:13] /reload spells
[27/4/2025 18:32:51] /reload spells
[27/4/2025 18:33:5] /reload spells
[27/4/2025 18:33:30] /reload spells
[27/4/2025 18:38:42] /reload spells
[27/4/2025 21:59:10] /reload talk
[27/4/2025 21:59:11] /reload spells
[27/4/2025 22:34:11] /reload spells
[27/4/2025 22:34:50] /reload spells
[27/4/2025 22:37:51] /reload spells
[27/4/2025 22:38:17] /reload spells
[27/4/2025 22:51:15] /reload spells
[27/4/2025 22:51:50] /r
[27/4/2025 22:51:52] /r
[27/4/2025 22:51:53] /r
[27/4/2025 22:51:55] /r
[27/4/2025 22:51:56] /r
[27/4/2025 22:51:58] /r
[27/4/2025 22:51:59] /r
[27/4/2025 22:52:1] /r
[27/4/2025 22:52:3] /r
[27/4/2025 22:52:31] /reload spells
[27/4/2025 22:59:22] /reload spells
[27/4/2025 23:0:15] /reload spells
[27/4/2025 23:7:23] /reload spells
[27/4/2025 23:8:47] /reload spells
[27/4/2025 23:8:58] /reload spells
[27/4/2025 23:9:34] /reload spells
[27/4/2025 23:9:49] /reload spells
[27/4/2025 23:12:36] /reload spells
[27/4/2025 23:12:56] /reload spells
[27/4/2025 23:16:47] /reload spells
[27/4/2025 23:20:26] /reload spells
[27/4/2025 23:20:52] /reload spells
[27/4/2025 23:20:59] /reload spells
[27/4/2025 23:21:6] /reload spells
[27/4/2025 23:21:7] /reload spells
[27/4/2025 23:21:16] /reload spells
[27/4/2025 23:21:25] /reload spells
[27/4/2025 23:21:42] /reload spells
[27/4/2025 23:21:57] /reload spells
[27/4/2025 23:22:5] /reload spells
[27/4/2025 23:22:52] /reload spells
[27/4/2025 23:24:1] /reload spells
[27/4/2025 23:38:18] /reload spells
[27/4/2025 23:39:54] /reload spells
[27/4/2025 23:40:17] /reload spells
[27/4/2025 23:40:20] /reload spells
[27/4/2025 23:40:56] /reload spells
[27/4/2025 23:41:24] /reload spells
[27/4/2025 23:41:44] /reload spells
[27/4/2025 23:42:2] /reload spells
[27/4/2025 23:42:9] /reload spells
[27/4/2025 23:43:10] /reload spells
[27/4/2025 23:44:4] /reload spells
[27/4/2025 23:45:26] /reload spells
[27/4/2025 23:49:3] /reload spells
[27/4/2025 23:49:24] /reload spells
[27/4/2025 23:49:37] /reload spells
[27/4/2025 23:49:48] /reload spells
[27/4/2025 23:49:58] /reload spells
[27/4/2025 23:54:9] /reload spells
[27/4/2025 23:58:26] /reload spells
[27/4/2025 23:59:39] /reload spells
[28/4/2025 0:4:15] /reload spells
[28/4/2025 0:5:36] /reload spells
[28/4/2025 0:5:42] /reload spells
[28/4/2025 0:6:27] /reload spells
[28/4/2025 0:6:42] /reload spells
[28/4/2025 0:6:56] /reload spells
[28/4/2025 0:11:5] /reload spells
[28/4/2025 0:11:27] /reload spells
[28/4/2025 0:11:44] /reload spells
[28/4/2025 0:11:51] /reload spells
[28/4/2025 0:12:4] /reload spells
[28/4/2025 0:12:23] /reload spells
[28/4/2025 0:12:30] /reload spells
[28/4/2025 0:13:25] /reload spells
[28/4/2025 0:13:35] /reload spells
[28/4/2025 0:13:41] /reload spells
[28/4/2025 0:13:51] /reload spells
[28/4/2025 0:13:55] /reload spells
[28/4/2025 0:17:51] /reload spells
[28/4/2025 0:18:7] /reload spells
[28/4/2025 0:18:36] /reload spells
[28/4/2025 0:20:16] /reload spells
[28/4/2025 0:24:28] /reload spells
[28/4/2025 0:25:7] /reload spells
[28/4/2025 0:27:35] /reload spells
[28/4/2025 0:27:59] /reload spells
[28/4/2025 0:28:0] /reload spells
[28/4/2025 0:28:26] /reload spells
[28/4/2025 0:28:45] /reload spells
[28/4/2025 0:32:46] /reload spells
[28/4/2025 0:33:4] /reload spells
[28/4/2025 0:33:29] /reload spells
[28/4/2025 0:33:39] /reload spells
[28/4/2025 0:33:56] /reload spells
[28/4/2025 0:37:15] /reload spells
[28/4/2025 0:37:25] /reload spells
[28/4/2025 0:37:38] /reload spells
[28/4/2025 0:37:50] /reload spells
[28/4/2025 0:38:4] /reload spells
[28/4/2025 0:38:36] /reload spells
[28/4/2025 0:38:55] /reload spells
[28/4/2025 0:41:44] /reload spells
[28/4/2025 0:42:16] /reload spells
[28/4/2025 0:42:23] /reload spells
[28/4/2025 0:42:29] /reload spells
[28/4/2025 0:44:40] /reload spells
[28/4/2025 0:44:48] /reload spells
[28/4/2025 0:48:29] /reload spells
[28/4/2025 0:48:54] /reload spells
[28/4/2025 0:54:19] /reload spells
[28/4/2025 0:54:38] /reload spells
[28/4/2025 0:54:42] /reload spells
[28/4/2025 0:55:0] /reload spells
[28/4/2025 0:55:5] /reload spells
[28/4/2025 0:55:19] /reload spells
[28/4/2025 1:0:8] /reload spells
[28/4/2025 1:1:10] /reload spells
[28/4/2025 1:1:46] /reload spells
[28/4/2025 1:2:7] /reload spells
[28/4/2025 1:2:14] /reload spells
[28/4/2025 1:2:31] /reload spells
[28/4/2025 1:9:13] /reload spells
[28/4/2025 1:9:41] /reload spells
[28/4/2025 1:9:48] /newtype 2782
[28/4/2025 1:15:19] /reload spells
[28/4/2025 1:15:51] /reload spells
[28/4/2025 1:16:8] /reload spells
[28/4/2025 1:19:55] /reload spells
[28/4/2025 1:20:48] /reload spells
[28/4/2025 1:22:42] /reload spells
[28/4/2025 1:23:7] /newtype 1
[28/4/2025 1:23:9] /newtype 2
[28/4/2025 1:23:14] /newtype 130
[28/4/2025 1:23:21] /save
[28/4/2025 1:23:51] /bc
[28/4/2025 1:24:2] /town
[28/4/2025 1:24:12] /bc hi
[28/4/2025 1:24:17] /bc ola galerinha
[28/4/2025 1:24:24] /bc ola galerinha
[28/4/2025 1:24:32] /bc galera
[28/4/2025 1:24:38] /bc oi galera
[28/4/2025 1:24:49] /bc oi galera
[28/4/2025 1:25:0] /bc Então oi galera
[28/4/2025 1:25:7] /b
[28/4/2025 1:25:10] /b oi galera
[28/4/2025 1:25:22] /closeserver
[28/4/2025 1:25:37] /openserver
[28/4/2025 1:26:21] /reload spells
[28/4/2025 1:27:27] /reload spells
[28/4/2025 1:28:40] /reload spells
[28/4/2025 1:29:40] /reload spells
[28/4/2025 1:31:22] /i 1498
[28/4/2025 1:31:30] /i 1498
[28/4/2025 1:32:44] /reload spells
[28/4/2025 1:35:27] /reload spells
[28/4/2025 1:35:38] /reload spells
[28/4/2025 1:35:41] /reload spells
[28/4/2025 1:35:42] /reload spells
[28/4/2025 1:35:42] /reload spells
[28/4/2025 1:35:42] /reload spells
[28/4/2025 1:35:42] /reload spells
[28/4/2025 1:35:48] /reload spells
[28/4/2025 1:35:48] /reload spells
[28/4/2025 1:36:2] /reload spells
[28/4/2025 1:36:43] /reload spells
[28/4/2025 1:40:0] /level god, 50
[28/4/2025 1:40:10] /save
[28/4/2025 1:47:24] /reload creaturescripts
[28/4/2025 1:48:51] /newtype 495
[28/4/2025 1:48:59] /reload creaturescripts
[28/4/2025 1:51:7] /newtype 2782
[28/4/2025 1:51:38] /level god 1
[28/4/2025 1:51:40] /level god, 1
[28/4/2025 1:51:43] /level god, 50
[28/4/2025 1:51:50] /level god, 50
[28/4/2025 1:51:53] /level god, 100
[28/4/2025 1:52:8] /level god, 200
[28/4/2025 1:52:17] /level god, 150
[28/4/2025 1:52:26] /level god, 100
[28/4/2025 1:52:29] /level god, 150
[28/4/2025 1:52:33] /level god, 200
[28/4/2025 1:52:38] /level god, 250
[28/4/2025 1:53:42] /reload creaturescripts
[28/4/2025 1:53:49] /level god, 200
[28/4/2025 1:53:53] /level god, 250
[28/4/2025 1:54:3] /level god, 300
[28/4/2025 1:54:11] /level god, 400
[28/4/2025 1:54:16] /level god, 500
[28/4/2025 1:54:24] /level god, 500
[28/4/2025 1:54:27] /level god, 400
[28/4/2025 1:54:31] /level god, 500
[1/5/2025 15:14:29] /reload spells
[1/5/2025 15:14:36] /i 1497
[1/5/2025 15:16:25] /reload talk
[1/5/2025 15:16:29] /i 1497
[1/5/2025 15:16:59] /i 1497
[1/5/2025 15:17:10] /i crystal coin
[1/5/2025 15:17:22] /reload talk
[1/5/2025 15:17:23] /reload talk
[1/5/2025 15:17:24] /i crystal coin
[1/5/2025 15:17:55] /i 2288
[1/5/2025 15:18:5] /reload spells
[1/5/2025 15:18:56] /reload spells
[1/5/2025 15:20:13] /reload spells
[1/5/2025 15:23:56] /reload spells
[1/5/2025 15:24:45] /reload spells
[1/5/2025 15:24:57] /reload spells
[1/5/2025 15:26:29] /reload spells
[1/5/2025 15:29:17] /reload spells
[1/5/2025 15:31:21] /reload spells
[1/5/2025 15:32:18] /reload spells
[1/5/2025 15:33:16] /reload spells
[1/5/2025 15:33:36] /reload spells
[1/5/2025 15:33:54] /reload spells
[1/5/2025 15:34:12] /reload spells
[1/5/2025 15:37:36] /reload spells
[1/5/2025 15:41:26] /reload creaturescripts
[1/5/2025 15:46:59] /reload mods
[1/5/2025 15:47:15] /reload mods
[1/5/2025 15:47:23] /r
[1/5/2025 15:52:24] /i 2579
[1/5/2025 15:58:48] /t siad
[1/5/2025 15:58:50] /t soad
[1/5/2025 17:5:15] /reload talk
[1/5/2025 17:5:51] tecnicas
[1/5/2025 17:10:0] /info god
[1/5/2025 17:10:12] /reload spells
[1/5/2025 17:10:15] /reload talk
[1/5/2025 17:11:19] /reload talk
[1/5/2025 17:11:32] /reload talk
[1/5/2025 17:11:56] /reload spells
[4/5/2025 1:58:1] /reload globalevents
[4/5/2025 2:7:55] /reload spells
[4/5/2025 2:8:3] /reload creaturescripts
[4/5/2025 2:9:8] /reload globalevents
[4/5/2025 2:10:37] /reload globalevents
[4/5/2025 2:15:2] /reload items
[4/5/2025 2:15:20] /i 1988
[4/5/2025 2:16:2] /i 44183
[4/5/2025 2:16:28] /i 44182
[4/5/2025 2:16:52] /i 44181
[4/5/2025 2:17:55] /level god, 999
[4/5/2025 2:19:8] /reload spells
[4/5/2025 2:19:9] /reload spells
[4/5/2025 3:4:41] /i 3928
[4/5/2025 3:4:50] /i 1442
[4/5/2025 3:12:27] /reload npc
[4/5/2025 3:15:50] /reload npc
[4/5/2025 3:19:1] /reload npc
[4/5/2025 3:20:31] /reload npc
[4/5/2025 3:23:0] /reload npc
[4/5/2025 3:25:54] /reload npc
[4/5/2025 3:32:52] /i 2160
[4/5/2025 3:33:11] /i 1988
[4/5/2025 3:34:56] /reload npc
